<?xml version="1.0" encoding="UTF-8"?>
<testsuite name="tests.AddNewContact" tests="5" skipped="0" failures="2" errors="0" timestamp="2022-03-18T07:47:26" hostname="DESKTOP-B7SSTIV" time="78.49">
  <properties/>
  <testcase name="addNewContactSuccess" classname="tests.AddNewContact" time="4.723"/>
  <testcase name="addNewContactSuccess" classname="tests.AddNewContact" time="3.633"/>
  <testcase name="addNewContactSuccess" classname="tests.AddNewContact" time="3.731"/>
  <testcase name="addNewContactSuccessScv[0](Contact{name='Mona', lastName='Dow', email='monaa@gmail.com', phone='3214598760', address='Haifa', description='friend'})" classname="tests.AddNewContact" time="23.026">
    <failure message="java.lang.AssertionError: expected [1] but found [-29]" type="java.lang.AssertionError">java.lang.AssertionError: expected [1] but found [-29]
	at org.testng.Assert.fail(Assert.java:99)
	at org.testng.Assert.failNotEquals(Assert.java:1037)
	at org.testng.Assert.assertEqualsImpl(Assert.java:140)
	at org.testng.Assert.assertEquals(Assert.java:122)
	at org.testng.Assert.assertEquals(Assert.java:907)
	at org.testng.Assert.assertEquals(Assert.java:917)
	at tests.AddNewContact.addNewContactSuccessScv(AddNewContact.java:69)
	at sun.reflect.NativeMethodAccessorImpl.invoke0(Native Method)
	at sun.reflect.NativeMethodAccessorImpl.invoke(NativeMethodAccessorImpl.java:62)
	at sun.reflect.DelegatingMethodAccessorImpl.invoke(DelegatingMethodAccessorImpl.java:43)
	at java.lang.reflect.Method.invoke(Method.java:498)
	at org.testng.internal.MethodInvocationHelper.invokeMethod(MethodInvocationHelper.java:133)
	at org.testng.internal.TestInvoker.invokeMethod(TestInvoker.java:598)
	at org.testng.internal.TestInvoker.invokeTestMethod(TestInvoker.java:173)
	at org.testng.internal.MethodRunner.runInSequence(MethodRunner.java:46)
	at org.testng.internal.TestInvoker$MethodInvocationAgent.invoke(TestInvoker.java:824)
	at org.testng.internal.TestInvoker.invokeTestMethods(TestInvoker.java:146)
	at org.testng.internal.TestMethodWorker.invokeTestMethods(TestMethodWorker.java:146)
	at org.testng.internal.TestMethodWorker.run(TestMethodWorker.java:128)
	at java.util.ArrayList.forEach(ArrayList.java:1257)
	at org.testng.TestRunner.privateRun(TestRunner.java:794)
	at org.testng.TestRunner.run(TestRunner.java:596)
	at org.testng.SuiteRunner.runTest(SuiteRunner.java:377)
	at org.testng.SuiteRunner.runSequentially(SuiteRunner.java:371)
	at org.testng.SuiteRunner.privateRun(SuiteRunner.java:332)
	at org.testng.SuiteRunner.run(SuiteRunner.java:276)
	at org.testng.SuiteRunnerWorker.runSuite(SuiteRunnerWorker.java:53)
	at org.testng.SuiteRunnerWorker.run(SuiteRunnerWorker.java:96)
	at org.testng.TestNG.runSuitesSequentially(TestNG.java:1212)
	at org.testng.TestNG.runSuitesLocally(TestNG.java:1134)
	at org.testng.TestNG.runSuites(TestNG.java:1063)
	at org.testng.TestNG.run(TestNG.java:1031)
	at org.gradle.api.internal.tasks.testing.testng.TestNGTestClassProcessor.runTests(TestNGTestClassProcessor.java:141)
	at org.gradle.api.internal.tasks.testing.testng.TestNGTestClassProcessor.stop(TestNGTestClassProcessor.java:90)
	at org.gradle.api.internal.tasks.testing.SuiteTestClassProcessor.stop(SuiteTestClassProcessor.java:61)
	at sun.reflect.NativeMethodAccessorImpl.invoke0(Native Method)
	at sun.reflect.NativeMethodAccessorImpl.invoke(NativeMethodAccessorImpl.java:62)
	at sun.reflect.DelegatingMethodAccessorImpl.invoke(DelegatingMethodAccessorImpl.java:43)
	at java.lang.reflect.Method.invoke(Method.java:498)
	at org.gradle.internal.dispatch.ReflectionDispatch.dispatch(ReflectionDispatch.java:35)
	at org.gradle.internal.dispatch.ReflectionDispatch.dispatch(ReflectionDispatch.java:24)
	at org.gradle.internal.dispatch.ContextClassLoaderDispatch.dispatch(ContextClassLoaderDispatch.java:32)
	at org.gradle.internal.dispatch.ProxyDispatchAdapter$DispatchingInvocationHandler.invoke(ProxyDispatchAdapter.java:93)
	at com.sun.proxy.$Proxy2.stop(Unknown Source)
	at org.gradle.api.internal.tasks.testing.worker.TestWorker.stop(TestWorker.java:132)
	at sun.reflect.NativeMethodAccessorImpl.invoke0(Native Method)
	at sun.reflect.NativeMethodAccessorImpl.invoke(NativeMethodAccessorImpl.java:62)
	at sun.reflect.DelegatingMethodAccessorImpl.invoke(DelegatingMethodAccessorImpl.java:43)
	at java.lang.reflect.Method.invoke(Method.java:498)
	at org.gradle.internal.dispatch.ReflectionDispatch.dispatch(ReflectionDispatch.java:35)
	at org.gradle.internal.dispatch.ReflectionDispatch.dispatch(ReflectionDispatch.java:24)
	at org.gradle.internal.remote.internal.hub.MessageHubBackedObjectConnection$DispatchWrapper.dispatch(MessageHubBackedObjectConnection.java:175)
	at org.gradle.internal.remote.internal.hub.MessageHubBackedObjectConnection$DispatchWrapper.dispatch(MessageHubBackedObjectConnection.java:157)
	at org.gradle.internal.remote.internal.hub.MessageHub$Handler.run(MessageHub.java:404)
	at org.gradle.internal.concurrent.ExecutorPolicy$CatchAndRecordFailures.onExecute(ExecutorPolicy.java:63)
	at org.gradle.internal.concurrent.ManagedExecutorImpl$1.run(ManagedExecutorImpl.java:46)
	at java.util.concurrent.ThreadPoolExecutor.runWorker(ThreadPoolExecutor.java:1149)
	at java.util.concurrent.ThreadPoolExecutor$Worker.run(ThreadPoolExecutor.java:624)
	at org.gradle.internal.concurrent.ThreadFactoryImpl$ManagedThreadRunnable.run(ThreadFactoryImpl.java:55)
	at java.lang.Thread.run(Thread.java:748)
</failure>
  </testcase>
  <testcase name="addNewContactSuccessScv[1](Contact{name='Mona', lastName='Dow', email='mona1@gmail.com', phone='3214598764', address='Haifa', description='friend'})" classname="tests.AddNewContact" time="43.256">
    <failure message="java.lang.AssertionError: expected [1] but found [0]" type="java.lang.AssertionError">java.lang.AssertionError: expected [1] but found [0]
	at org.testng.Assert.fail(Assert.java:99)
	at org.testng.Assert.failNotEquals(Assert.java:1037)
	at org.testng.Assert.assertEqualsImpl(Assert.java:140)
	at org.testng.Assert.assertEquals(Assert.java:122)
	at org.testng.Assert.assertEquals(Assert.java:907)
	at org.testng.Assert.assertEquals(Assert.java:917)
	at tests.AddNewContact.addNewContactSuccessScv(AddNewContact.java:69)
	at sun.reflect.NativeMethodAccessorImpl.invoke0(Native Method)
	at sun.reflect.NativeMethodAccessorImpl.invoke(NativeMethodAccessorImpl.java:62)
	at sun.reflect.DelegatingMethodAccessorImpl.invoke(DelegatingMethodAccessorImpl.java:43)
	at java.lang.reflect.Method.invoke(Method.java:498)
	at org.testng.internal.MethodInvocationHelper.invokeMethod(MethodInvocationHelper.java:133)
	at org.testng.internal.TestInvoker.invokeMethod(TestInvoker.java:598)
	at org.testng.internal.TestInvoker.invokeTestMethod(TestInvoker.java:173)
	at org.testng.internal.MethodRunner.runInSequence(MethodRunner.java:46)
	at org.testng.internal.TestInvoker$MethodInvocationAgent.invoke(TestInvoker.java:824)
	at org.testng.internal.TestInvoker.invokeTestMethods(TestInvoker.java:146)
	at org.testng.internal.TestMethodWorker.invokeTestMethods(TestMethodWorker.java:146)
	at org.testng.internal.TestMethodWorker.run(TestMethodWorker.java:128)
	at java.util.ArrayList.forEach(ArrayList.java:1257)
	at org.testng.TestRunner.privateRun(TestRunner.java:794)
	at org.testng.TestRunner.run(TestRunner.java:596)
	at org.testng.SuiteRunner.runTest(SuiteRunner.java:377)
	at org.testng.SuiteRunner.runSequentially(SuiteRunner.java:371)
	at org.testng.SuiteRunner.privateRun(SuiteRunner.java:332)
	at org.testng.SuiteRunner.run(SuiteRunner.java:276)
	at org.testng.SuiteRunnerWorker.runSuite(SuiteRunnerWorker.java:53)
	at org.testng.SuiteRunnerWorker.run(SuiteRunnerWorker.java:96)
	at org.testng.TestNG.runSuitesSequentially(TestNG.java:1212)
	at org.testng.TestNG.runSuitesLocally(TestNG.java:1134)
	at org.testng.TestNG.runSuites(TestNG.java:1063)
	at org.testng.TestNG.run(TestNG.java:1031)
	at org.gradle.api.internal.tasks.testing.testng.TestNGTestClassProcessor.runTests(TestNGTestClassProcessor.java:141)
	at org.gradle.api.internal.tasks.testing.testng.TestNGTestClassProcessor.stop(TestNGTestClassProcessor.java:90)
	at org.gradle.api.internal.tasks.testing.SuiteTestClassProcessor.stop(SuiteTestClassProcessor.java:61)
	at sun.reflect.NativeMethodAccessorImpl.invoke0(Native Method)
	at sun.reflect.NativeMethodAccessorImpl.invoke(NativeMethodAccessorImpl.java:62)
	at sun.reflect.DelegatingMethodAccessorImpl.invoke(DelegatingMethodAccessorImpl.java:43)
	at java.lang.reflect.Method.invoke(Method.java:498)
	at org.gradle.internal.dispatch.ReflectionDispatch.dispatch(ReflectionDispatch.java:35)
	at org.gradle.internal.dispatch.ReflectionDispatch.dispatch(ReflectionDispatch.java:24)
	at org.gradle.internal.dispatch.ContextClassLoaderDispatch.dispatch(ContextClassLoaderDispatch.java:32)
	at org.gradle.internal.dispatch.ProxyDispatchAdapter$DispatchingInvocationHandler.invoke(ProxyDispatchAdapter.java:93)
	at com.sun.proxy.$Proxy2.stop(Unknown Source)
	at org.gradle.api.internal.tasks.testing.worker.TestWorker.stop(TestWorker.java:132)
	at sun.reflect.NativeMethodAccessorImpl.invoke0(Native Method)
	at sun.reflect.NativeMethodAccessorImpl.invoke(NativeMethodAccessorImpl.java:62)
	at sun.reflect.DelegatingMethodAccessorImpl.invoke(DelegatingMethodAccessorImpl.java:43)
	at java.lang.reflect.Method.invoke(Method.java:498)
	at org.gradle.internal.dispatch.ReflectionDispatch.dispatch(ReflectionDispatch.java:35)
	at org.gradle.internal.dispatch.ReflectionDispatch.dispatch(ReflectionDispatch.java:24)
	at org.gradle.internal.remote.internal.hub.MessageHubBackedObjectConnection$DispatchWrapper.dispatch(MessageHubBackedObjectConnection.java:175)
	at org.gradle.internal.remote.internal.hub.MessageHubBackedObjectConnection$DispatchWrapper.dispatch(MessageHubBackedObjectConnection.java:157)
	at org.gradle.internal.remote.internal.hub.MessageHub$Handler.run(MessageHub.java:404)
	at org.gradle.internal.concurrent.ExecutorPolicy$CatchAndRecordFailures.onExecute(ExecutorPolicy.java:63)
	at org.gradle.internal.concurrent.ManagedExecutorImpl$1.run(ManagedExecutorImpl.java:46)
	at java.util.concurrent.ThreadPoolExecutor.runWorker(ThreadPoolExecutor.java:1149)
	at java.util.concurrent.ThreadPoolExecutor$Worker.run(ThreadPoolExecutor.java:624)
	at org.gradle.internal.concurrent.ThreadFactoryImpl$ManagedThreadRunnable.run(ThreadFactoryImpl.java:55)
	at java.lang.Thread.run(Thread.java:748)
</failure>
  </testcase>
  <system-out><![CDATA[10:47:05. INFO  manager.MyListener - Start search element by locator --->By.xpath: //button[text()='Sign Out']
10:47:25. INFO  manager.MyListener - The element with locator --->By.xpath: //button[text()='Sign Out']was found
10:47:25. INFO  manager.MyListener - Start search element by locator --->By.xpath: //a[text()='LOGIN']
10:47:25. INFO  manager.MyListener - The element with locator --->By.xpath: //a[text()='LOGIN']was found
10:47:25. INFO  manager.MyListener - Start search element by locator --->By.xpath: //input[1]
10:47:25. INFO  manager.MyListener - The element with locator --->By.xpath: //input[1]was found
10:47:25. INFO  manager.MyListener - Start search element by locator --->By.xpath: //input[2]
10:47:25. INFO  manager.MyListener - The element with locator --->By.xpath: //input[2]was found
10:47:26. INFO  manager.MyListener - Start search element by locator --->By.xpath: //button[1]
10:47:26. INFO  manager.MyListener - The element with locator --->By.xpath: //button[1]was found
10:47:26. INFO  manager.MyListener - Start search element by locator --->By.cssSelector: .contact-item_card__2SOIM
10:47:27. INFO  manager.MyListener - The element with locator --->By.cssSelector: .contact-item_card__2SOIMwas found
10:47:27. INFO  tests.TestBase - The test 'Add new contact starts with count of contact---->26

10:47:27. INFO  manager.MyListener - Start search element by locator --->By.cssSelector: [href='/add']
10:47:27. INFO  manager.MyListener - The element with locator --->By.cssSelector: [href='/add']was found
10:47:27. INFO  manager.MyListener - Start search element by locator --->By.cssSelector: [placeholder='Name']
10:47:27. INFO  manager.MyListener - The element with locator --->By.cssSelector: [placeholder='Name']was found
10:47:27. INFO  manager.MyListener - Start search element by locator --->By.cssSelector: [placeholder='Last Name']
10:47:27. INFO  manager.MyListener - The element with locator --->By.cssSelector: [placeholder='Last Name']was found
10:47:27. INFO  manager.MyListener - Start search element by locator --->By.cssSelector: [placeholder='Phone']
10:47:27. INFO  manager.MyListener - The element with locator --->By.cssSelector: [placeholder='Phone']was found
10:47:27. INFO  manager.MyListener - Start search element by locator --->By.cssSelector: [placeholder='email']
10:47:27. INFO  manager.MyListener - The element with locator --->By.cssSelector: [placeholder='email']was found
10:47:27. INFO  manager.MyListener - Start search element by locator --->By.cssSelector: [placeholder='Address']
10:47:27. INFO  manager.MyListener - The element with locator --->By.cssSelector: [placeholder='Address']was found
10:47:28. INFO  manager.MyListener - Start search element by locator --->By.cssSelector: [placeholder='description']
10:47:28. INFO  manager.MyListener - The element with locator --->By.cssSelector: [placeholder='description']was found
10:47:28. INFO  manager.MyListener - Start search element by locator --->By.cssSelector: .add_form__2rsm2 button
10:47:28. INFO  manager.MyListener - The element with locator --->By.cssSelector: .add_form__2rsm2 buttonwas found
10:47:28. INFO  manager.MyListener - Start search element by locator --->By.cssSelector: .contact-item_card__2SOIM
10:47:28. INFO  manager.MyListener - The element with locator --->By.cssSelector: .contact-item_card__2SOIMwas found
10:47:28. INFO  tests.TestBase - The test 'Add new contact' ends with count of contact in the end --->27
10:47:30. INFO  manager.MyListener - Start search element by locator --->By.cssSelector: h2
10:47:30. INFO  manager.MyListener - The element with locator --->By.cssSelector: h2was found
10:47:30. INFO  manager.MyListener - Start search element by locator --->By.cssSelector: h3
10:47:30. INFO  manager.MyListener - The element with locator --->By.cssSelector: h3was found
10:47:30. INFO  manager.MyListener - Start search element by locator --->By.xpath: //button[text()='Sign Out']
10:47:30. INFO  manager.MyListener - The element with locator --->By.xpath: //button[text()='Sign Out']was found
10:47:30. INFO  manager.MyListener - Start search element by locator --->By.cssSelector: .contact-item_card__2SOIM
10:47:30. INFO  manager.MyListener - The element with locator --->By.cssSelector: .contact-item_card__2SOIMwas found
10:47:30. INFO  tests.TestBase - The test 'Add new contact starts with count of contact---->27

10:47:30. INFO  manager.MyListener - Start search element by locator --->By.cssSelector: [href='/add']
10:47:30. INFO  manager.MyListener - The element with locator --->By.cssSelector: [href='/add']was found
10:47:31. INFO  manager.MyListener - Start search element by locator --->By.cssSelector: [placeholder='Name']
10:47:31. INFO  manager.MyListener - The element with locator --->By.cssSelector: [placeholder='Name']was found
10:47:31. INFO  manager.MyListener - Start search element by locator --->By.cssSelector: [placeholder='Last Name']
10:47:31. INFO  manager.MyListener - The element with locator --->By.cssSelector: [placeholder='Last Name']was found
10:47:31. INFO  manager.MyListener - Start search element by locator --->By.cssSelector: [placeholder='Phone']
10:47:31. INFO  manager.MyListener - The element with locator --->By.cssSelector: [placeholder='Phone']was found
10:47:31. INFO  manager.MyListener - Start search element by locator --->By.cssSelector: [placeholder='email']
10:47:31. INFO  manager.MyListener - The element with locator --->By.cssSelector: [placeholder='email']was found
10:47:31. INFO  manager.MyListener - Start search element by locator --->By.cssSelector: [placeholder='Address']
10:47:31. INFO  manager.MyListener - The element with locator --->By.cssSelector: [placeholder='Address']was found
10:47:31. INFO  manager.MyListener - Start search element by locator --->By.cssSelector: [placeholder='description']
10:47:31. INFO  manager.MyListener - The element with locator --->By.cssSelector: [placeholder='description']was found
10:47:31. INFO  manager.MyListener - Start search element by locator --->By.cssSelector: .add_form__2rsm2 button
10:47:31. INFO  manager.MyListener - The element with locator --->By.cssSelector: .add_form__2rsm2 buttonwas found
10:47:31. INFO  manager.MyListener - Start search element by locator --->By.cssSelector: .contact-item_card__2SOIM
10:47:32. INFO  manager.MyListener - The element with locator --->By.cssSelector: .contact-item_card__2SOIMwas found
10:47:32. INFO  tests.TestBase - The test 'Add new contact' ends with count of contact in the end --->28
10:47:34. INFO  manager.MyListener - Start search element by locator --->By.cssSelector: h2
10:47:34. INFO  manager.MyListener - The element with locator --->By.cssSelector: h2was found
10:47:34. INFO  manager.MyListener - Start search element by locator --->By.cssSelector: h3
10:47:34. INFO  manager.MyListener - The element with locator --->By.cssSelector: h3was found
10:47:34. INFO  manager.MyListener - Start search element by locator --->By.xpath: //button[text()='Sign Out']
10:47:34. INFO  manager.MyListener - The element with locator --->By.xpath: //button[text()='Sign Out']was found
10:47:34. INFO  manager.MyListener - Start search element by locator --->By.cssSelector: .contact-item_card__2SOIM
10:47:34. INFO  manager.MyListener - The element with locator --->By.cssSelector: .contact-item_card__2SOIMwas found
10:47:34. INFO  tests.TestBase - The test 'Add new contact starts with count of contact---->28

10:47:34. INFO  manager.MyListener - Start search element by locator --->By.cssSelector: [href='/add']
10:47:34. INFO  manager.MyListener - The element with locator --->By.cssSelector: [href='/add']was found
10:47:34. INFO  manager.MyListener - Start search element by locator --->By.cssSelector: [placeholder='Name']
10:47:34. INFO  manager.MyListener - The element with locator --->By.cssSelector: [placeholder='Name']was found
10:47:34. INFO  manager.MyListener - Start search element by locator --->By.cssSelector: [placeholder='Last Name']
10:47:34. INFO  manager.MyListener - The element with locator --->By.cssSelector: [placeholder='Last Name']was found
10:47:35. INFO  manager.MyListener - Start search element by locator --->By.cssSelector: [placeholder='Phone']
10:47:35. INFO  manager.MyListener - The element with locator --->By.cssSelector: [placeholder='Phone']was found
10:47:35. INFO  manager.MyListener - Start search element by locator --->By.cssSelector: [placeholder='email']
10:47:35. INFO  manager.MyListener - The element with locator --->By.cssSelector: [placeholder='email']was found
10:47:35. INFO  manager.MyListener - Start search element by locator --->By.cssSelector: [placeholder='Address']
10:47:35. INFO  manager.MyListener - The element with locator --->By.cssSelector: [placeholder='Address']was found
10:47:35. INFO  manager.MyListener - Start search element by locator --->By.cssSelector: [placeholder='description']
10:47:35. INFO  manager.MyListener - The element with locator --->By.cssSelector: [placeholder='description']was found
10:47:35. INFO  manager.MyListener - Start search element by locator --->By.cssSelector: .add_form__2rsm2 button
10:47:35. INFO  manager.MyListener - The element with locator --->By.cssSelector: .add_form__2rsm2 buttonwas found
10:47:35. INFO  manager.MyListener - Start search element by locator --->By.cssSelector: .contact-item_card__2SOIM
10:47:35. INFO  manager.MyListener - The element with locator --->By.cssSelector: .contact-item_card__2SOIMwas found
10:47:35. INFO  tests.TestBase - The test 'Add new contact' ends with count of contact in the end --->29
10:47:37. INFO  manager.MyListener - Start search element by locator --->By.cssSelector: h2
10:47:38. INFO  manager.MyListener - The element with locator --->By.cssSelector: h2was found
10:47:38. INFO  manager.MyListener - Start search element by locator --->By.cssSelector: h3
10:47:38. INFO  manager.MyListener - The element with locator --->By.cssSelector: h3was found
10:47:38. INFO  manager.MyListener - Start search element by locator --->By.xpath: //button[text()='Sign Out']
10:47:38. INFO  manager.MyListener - The element with locator --->By.xpath: //button[text()='Sign Out']was found
10:47:38. INFO  manager.MyListener - Start search element by locator --->By.cssSelector: .contact-item_card__2SOIM
10:47:38. INFO  manager.MyListener - The element with locator --->By.cssSelector: .contact-item_card__2SOIMwas found
10:47:38. INFO  tests.TestBase - The test 'Add new contact' starts with count of contact---->29
10:47:38. INFO  tests.TestBase - The test 'Add new contact' starts with data ---->Contact{name='Mona', lastName='Dow', email='monaa@gmail.com', phone='3214598760', address='Haifa', description='friend'}
10:47:38. INFO  manager.MyListener - Start search element by locator --->By.cssSelector: [href='/add']
10:47:38. INFO  manager.MyListener - The element with locator --->By.cssSelector: [href='/add']was found
10:47:38. INFO  manager.MyListener - Start search element by locator --->By.cssSelector: [placeholder='Name']
10:47:38. INFO  manager.MyListener - The element with locator --->By.cssSelector: [placeholder='Name']was found
10:47:38. INFO  manager.MyListener - Start search element by locator --->By.cssSelector: [placeholder='Last Name']
10:47:38. INFO  manager.MyListener - The element with locator --->By.cssSelector: [placeholder='Last Name']was found
10:47:38. INFO  manager.MyListener - Start search element by locator --->By.cssSelector: [placeholder='Phone']
10:47:38. INFO  manager.MyListener - The element with locator --->By.cssSelector: [placeholder='Phone']was found
10:47:38. INFO  manager.MyListener - Start search element by locator --->By.cssSelector: [placeholder='email']
10:47:38. INFO  manager.MyListener - The element with locator --->By.cssSelector: [placeholder='email']was found
10:47:38. INFO  manager.MyListener - Start search element by locator --->By.cssSelector: [placeholder='Address']
10:47:39. INFO  manager.MyListener - The element with locator --->By.cssSelector: [placeholder='Address']was found
10:47:39. INFO  manager.MyListener - Start search element by locator --->By.cssSelector: [placeholder='description']
10:47:39. INFO  manager.MyListener - The element with locator --->By.cssSelector: [placeholder='description']was found
10:47:39. INFO  manager.MyListener - Start search element by locator --->By.cssSelector: .add_form__2rsm2 button
10:47:39. INFO  manager.MyListener - The element with locator --->By.cssSelector: .add_form__2rsm2 buttonwas found
10:47:39. INFO  manager.MyListener - Start search element by locator --->By.cssSelector: .contact-item_card__2SOIM
10:47:59. INFO  manager.MyListener - The element with locator --->By.cssSelector: .contact-item_card__2SOIMwas found
10:47:59. INFO  tests.TestBase - The test 'Add new contact' ends with count of contact in the end --->0
10:48:01. INFO  manager.MyListener - Start search element by locator --->By.xpath: //button[text()='Sign Out']
10:48:01. INFO  manager.MyListener - The element with locator --->By.xpath: //button[text()='Sign Out']was found
10:48:01. INFO  manager.MyListener - Start search element by locator --->By.cssSelector: .contact-item_card__2SOIM
10:48:21. INFO  manager.MyListener - The element with locator --->By.cssSelector: .contact-item_card__2SOIMwas found
10:48:21. INFO  tests.TestBase - The test 'Add new contact' starts with count of contact---->0
10:48:21. INFO  tests.TestBase - The test 'Add new contact' starts with data ---->Contact{name='Mona', lastName='Dow', email='mona1@gmail.com', phone='3214598764', address='Haifa', description='friend'}
10:48:21. INFO  manager.MyListener - Start search element by locator --->By.cssSelector: [href='/add']
10:48:21. INFO  manager.MyListener - The element with locator --->By.cssSelector: [href='/add']was found
10:48:21. INFO  manager.MyListener - Start search element by locator --->By.cssSelector: [placeholder='Name']
10:48:21. INFO  manager.MyListener - The element with locator --->By.cssSelector: [placeholder='Name']was found
10:48:21. INFO  manager.MyListener - Start search element by locator --->By.cssSelector: [placeholder='Last Name']
10:48:21. INFO  manager.MyListener - The element with locator --->By.cssSelector: [placeholder='Last Name']was found
10:48:21. INFO  manager.MyListener - Start search element by locator --->By.cssSelector: [placeholder='Phone']
10:48:21. INFO  manager.MyListener - The element with locator --->By.cssSelector: [placeholder='Phone']was found
10:48:22. INFO  manager.MyListener - Start search element by locator --->By.cssSelector: [placeholder='email']
10:48:22. INFO  manager.MyListener - The element with locator --->By.cssSelector: [placeholder='email']was found
10:48:22. INFO  manager.MyListener - Start search element by locator --->By.cssSelector: [placeholder='Address']
10:48:22. INFO  manager.MyListener - The element with locator --->By.cssSelector: [placeholder='Address']was found
10:48:22. INFO  manager.MyListener - Start search element by locator --->By.cssSelector: [placeholder='description']
10:48:22. INFO  manager.MyListener - The element with locator --->By.cssSelector: [placeholder='description']was found
10:48:22. INFO  manager.MyListener - Start search element by locator --->By.cssSelector: .add_form__2rsm2 button
10:48:22. INFO  manager.MyListener - The element with locator --->By.cssSelector: .add_form__2rsm2 buttonwas found
10:48:22. INFO  manager.MyListener - Start search element by locator --->By.cssSelector: .contact-item_card__2SOIM
10:48:42. INFO  manager.MyListener - The element with locator --->By.cssSelector: .contact-item_card__2SOIMwas found
10:48:42. INFO  tests.TestBase - The test 'Add new contact' ends with count of contact in the end --->0
]]></system-out>
  <system-err><![CDATA[]]></system-err>
</testsuite>
